Using pre-set license
Built from '2021.1/release' branch; Version is '2021.1.0f1 (61a549675243) revision 6399305'; Using compiler version '192528614'; Build Type 'Release'
OS: 'Windows 10 Pro; OS build 19042.928; Version 2009; 64bit' Language: 'tr' Physical Memory: 7926 MB
BatchMode: 1, IsHumanControllingUs: 0, StartBugReporterOnCrash: 0, Is64bit: 1, IsPro: 0

 COMMAND LINE ARGUMENTS:
C:\Program Files\Unity\Hub\Editor\2021.1.0f1\Editor\Unity.exe
-adb2
-batchMode
-noUpm
-name
AssetImportWorker0
-projectPath
C:/Users/rabia/Documents/GitHub/Run-and-Jump-Game/Run And Jump
-logFile
Logs/AssetImportWorker0.log
-srvPort
52268
Successfully changed project path to: C:/Users/rabia/Documents/GitHub/Run-and-Jump-Game/Run And Jump
C:/Users/rabia/Documents/GitHub/Run-and-Jump-Game/Run And Jump
Using Asset Import Pipeline V2.
Refreshing native plugins compatible for Editor in 92.77 ms, found 1 plugins.
Preloading 0 native plugins for Editor in 0.00 ms.
Initialize engine version: 2021.1.0f1 (61a549675243)
[Subsystems] Discovering subsystems at path C:/Program Files/Unity/Hub/Editor/2021.1.0f1/Editor/Data/Resources/UnitySubsystems
[Subsystems] Discovering subsystems at path C:/Users/rabia/Documents/GitHub/Run-and-Jump-Game/Run And Jump/Assets
GfxDevice: creating device client; threaded=0; jobified=0
Direct3D:
    Version:  Direct3D 11.0 [level 11.1]
    Renderer: AMD Radeon (TM) 530 (ID=0x6900)
    Vendor:   ATI
    VRAM:     2038 MB
    Driver:   27.20.15003.1004
Initialize mono
Mono path[0] = 'C:/Program Files/Unity/Hub/Editor/2021.1.0f1/Editor/Data/Managed'
Mono path[1] = 'C:/Program Files/Unity/Hub/Editor/2021.1.0f1/Editor/Data/MonoBleedingEdge/lib/mono/unityjit'
Mono config path = 'C:/Program Files/Unity/Hub/Editor/2021.1.0f1/Editor/Data/MonoBleedingEdge/etc'
Using monoOptions --debugger-agent=transport=dt_socket,embedding=1,server=y,suspend=n,address=127.0.0.1:56328
Begin MonoManager ReloadAssembly
Registering precompiled unity dll's ...
Register platform support module: C:/Program Files/Unity/Hub/Editor/2021.1.0f1/Editor/Data/PlaybackEngines/WebGLSupport/UnityEditor.WebGL.Extensions.dll
Register platform support module: C:/Program Files/Unity/Hub/Editor/2021.1.0f1/Editor/Data/PlaybackEngines/WindowsStandaloneSupport/UnityEditor.WindowsStandalone.Extensions.dll
Registered in 0.003150 seconds.
Native extension for WindowsStandalone target not found
Native extension for WebGL target not found
Refreshing native plugins compatible for Editor in 98.34 ms, found 1 plugins.
Preloading 0 native plugins for Editor in 0.00 ms.
Mono: successfully reloaded assembly
- Completed reload, in  4.005 seconds
Platform modules already initialized, skipping
Registering precompiled user dll's ...
Registered in 0.003913 seconds.
Begin MonoManager ReloadAssembly
Native extension for WindowsStandalone target not found
Native extension for WebGL target not found
Refreshing native plugins compatible for Editor in 0.91 ms, found 1 plugins.
Preloading 0 native plugins for Editor in 0.00 ms.
Mono: successfully reloaded assembly
- Completed reload, in  1.748 seconds
Platform modules already initialized, skipping
========================================================================
Worker process is ready to serve import requests
Launched and connected shader compiler UnityShaderCompiler.exe after 0.07 seconds
Refreshing native plugins compatible for Editor in 0.53 ms, found 1 plugins.
Preloading 0 native plugins for Editor in 0.00 ms.
Unloading 2664 Unused Serialized files (Serialized files now loaded: 0)
System memory in use before: 98.0 MB.
System memory in use after: 98.1 MB.

Unloading 15 unused Assets to reduce memory usage. Loaded Objects now: 3115.
Total: 3.655000 ms (FindLiveObjects: 0.396700 ms CreateObjectMapping: 0.257900 ms MarkObjects: 2.884300 ms  DeleteObjects: 0.114500 ms)

========================================================================
Received Import Request.
  path: Assets/Prototype 3 - Direct Download
  artifactKey: Guid(a71848bf3dab57748ae64d9aee687239) Importer(815301076,1909f56bfc062723c751e8b465ee728b)
Start importing Assets/Prototype 3 - Direct Download using Guid(a71848bf3dab57748ae64d9aee687239) Importer(815301076,1909f56bfc062723c751e8b465ee728b)  -> (artifact id: 'b2c8eade03ed91c7ffe4a8b2862b2413') in 0.016651 seconds 
========================================================================
Received Import Request.
  Time since last request: 0.000253 seconds.
  path: Assets/Prototype 3 - Direct Download/Prototype-3_Starter-Files.unitypackage
  artifactKey: Guid(95948eb3a53fa094cb8f32e8c3c43936) Importer(815301076,1909f56bfc062723c751e8b465ee728b)
Start importing Assets/Prototype 3 - Direct Download/Prototype-3_Starter-Files.unitypackage using Guid(95948eb3a53fa094cb8f32e8c3c43936) Importer(815301076,1909f56bfc062723c751e8b465ee728b)  -> (artifact id: '16ad9fa218178f60205aa6998d441971') in 0.048820 seconds 
========================================================================
Received Import Request.
  Time since last request: 69.566879 seconds.
  path: Assets/Scenes/Prototype 3.unity
  artifactKey: Guid(dc8c9f3efd746429fa6f9482dc779492) Importer(815301076,1909f56bfc062723c751e8b465ee728b)
Start importing Assets/Scenes/Prototype 3.unity using Guid(dc8c9f3efd746429fa6f9482dc779492) Importer(815301076,1909f56bfc062723c751e8b465ee728b)  -> (artifact id: '3a1d8062cc51a6e068ab86d9f250cf09') in 0.016722 seconds 
========================================================================
Received Import Request.
  Time since last request: 1.286163 seconds.
  path: Assets/Scenes/SampleScene.unity
  artifactKey: Guid(9fc0d4010bbf28b4594072e72b8655ab) Importer(815301076,1909f56bfc062723c751e8b465ee728b)
Start importing Assets/Scenes/SampleScene.unity using Guid(9fc0d4010bbf28b4594072e72b8655ab) Importer(815301076,1909f56bfc062723c751e8b465ee728b)  -> (artifact id: '83a8f13bf08ad0e51b838c696f233c89') in 0.026546 seconds 
========================================================================
Received Import Request.
  Time since last request: 48.280629 seconds.
  path: Assets/Course Library/_Source_Files/Textures/Background_City.png
  artifactKey: Guid(66ce0fda7508547d2be6b20eac53f119) Importer(815301076,1909f56bfc062723c751e8b465ee728b)
Start importing Assets/Course Library/_Source_Files/Textures/Background_City.png using Guid(66ce0fda7508547d2be6b20eac53f119) Importer(815301076,1909f56bfc062723c751e8b465ee728b)  -> (artifact id: 'd018e606ccec2b188f1c335eb7fde8fc') in 0.219422 seconds 
========================================================================
Received Import Request.
  Time since last request: 0.000255 seconds.
  path: Assets/Course Library/_Source_Files/Textures/Background_Nature.png
  artifactKey: Guid(17881b719d84f46169e88d04d594eb75) Importer(815301076,1909f56bfc062723c751e8b465ee728b)
Start importing Assets/Course Library/_Source_Files/Textures/Background_Nature.png using Guid(17881b719d84f46169e88d04d594eb75) Importer(815301076,1909f56bfc062723c751e8b465ee728b)  -> (artifact id: 'c2ef8a3d4569414b2af9e2288bd87c09') in 0.044700 seconds 
========================================================================
Received Import Request.
  Time since last request: 0.000227 seconds.
  path: Assets/Course Library/_Source_Files/Textures/Background_Town.png
  artifactKey: Guid(640fa9e54570b4acbbc4acf8f3bf8663) Importer(815301076,1909f56bfc062723c751e8b465ee728b)
Start importing Assets/Course Library/_Source_Files/Textures/Background_Town.png using Guid(640fa9e54570b4acbbc4acf8f3bf8663) Importer(815301076,1909f56bfc062723c751e8b465ee728b)  -> (artifact id: '8bc145d7031d56a584f6a7b9fd873105') in 0.033786 seconds 
========================================================================
Received Import Request.
  Time since last request: 80.757873 seconds.
  path: Assets/Scenes/Scene.unity
  artifactKey: Guid(dc8c9f3efd746429fa6f9482dc779492) Importer(815301076,1909f56bfc062723c751e8b465ee728b)
Start importing Assets/Scenes/Scene.unity using Guid(dc8c9f3efd746429fa6f9482dc779492) Importer(815301076,1909f56bfc062723c751e8b465ee728b)  -> (artifact id: 'c77c0b9f2f85eb6235e26121bd84dcbc') in 0.018051 seconds 
========================================================================
Received Import Request.
  Time since last request: 76.660523 seconds.
  path: Assets/Course Library/Characters/Farm/SimpleFarmer_Brown.prefab
  artifactKey: Guid(6f52b946693e54048af74f5cd6ba49f8) Importer(815301076,1909f56bfc062723c751e8b465ee728b)
Start importing Assets/Course Library/Characters/Farm/SimpleFarmer_Brown.prefab using Guid(6f52b946693e54048af74f5cd6ba49f8) Importer(815301076,1909f56bfc062723c751e8b465ee728b)  -> (artifact id: '19bf171e219884255c4095ca19cf3dd8') in 0.452204 seconds 
========================================================================
Received Import Request.
  Time since last request: 0.000274 seconds.
  path: Assets/Course Library/Characters/Farm/SimpleFarmer_Daughter_Brown.prefab
  artifactKey: Guid(610afbb40c4385d42aa33adfe3531f0a) Importer(815301076,1909f56bfc062723c751e8b465ee728b)
Start importing Assets/Course Library/Characters/Farm/SimpleFarmer_Daughter_Brown.prefab using Guid(610afbb40c4385d42aa33adfe3531f0a) Importer(815301076,1909f56bfc062723c751e8b465ee728b)  -> (artifact id: '521822f74e620167de34966a01ed834d') in 0.087784 seconds 
========================================================================
Received Import Request.
  Time since last request: 0.289795 seconds.
  path: Assets/Course Library/Characters/Farm/SimpleFarmer_Daughter_White.prefab
  artifactKey: Guid(7169122e91e1981469b2b6045ddf7963) Importer(815301076,1909f56bfc062723c751e8b465ee728b)
Start importing Assets/Course Library/Characters/Farm/SimpleFarmer_Daughter_White.prefab using Guid(7169122e91e1981469b2b6045ddf7963) Importer(815301076,1909f56bfc062723c751e8b465ee728b)  -> (artifact id: '6347c6e6bc0309130866cc2b587fb1a0') in 0.083118 seconds 
========================================================================
Received Import Request.
  Time since last request: 0.298057 seconds.
  path: Assets/Course Library/Characters/Farm/SimpleFarmer_FarmWrangler_Brown.prefab
  artifactKey: Guid(814f4326a50812947b2469896d89a215) Importer(815301076,1909f56bfc062723c751e8b465ee728b)
Start importing Assets/Course Library/Characters/Farm/SimpleFarmer_FarmWrangler_Brown.prefab using Guid(814f4326a50812947b2469896d89a215) Importer(815301076,1909f56bfc062723c751e8b465ee728b)  -> (artifact id: '7a801e7325f2d1cd1dd78dc493f97e80') in 0.085683 seconds 
========================================================================
Received Import Request.
  Time since last request: 0.310653 seconds.
  path: Assets/Course Library/Characters/Farm/SimpleFarmer_FarmWrangler_White.prefab
  artifactKey: Guid(7b6675de545141649953fd8adec4561b) Importer(815301076,1909f56bfc062723c751e8b465ee728b)
Start importing Assets/Course Library/Characters/Farm/SimpleFarmer_FarmWrangler_White.prefab using Guid(7b6675de545141649953fd8adec4561b) Importer(815301076,1909f56bfc062723c751e8b465ee728b)  -> (artifact id: 'ca598e2c9dd46b0f09ad6e9fb5ad6e56') in 0.080783 seconds 
========================================================================
Received Import Request.
  Time since last request: 0.375776 seconds.
  path: Assets/Course Library/Characters/Farm/SimpleFarmer_White.prefab
  artifactKey: Guid(3bd8a450fcb589542a7843ea7bda2ee6) Importer(815301076,1909f56bfc062723c751e8b465ee728b)
Start importing Assets/Course Library/Characters/Farm/SimpleFarmer_White.prefab using Guid(3bd8a450fcb589542a7843ea7bda2ee6) Importer(815301076,1909f56bfc062723c751e8b465ee728b)  -> (artifact id: 'afdd17d325418ce65a37269e04734681') in 0.075694 seconds 
========================================================================
Received Import Request.
  Time since last request: 0.383858 seconds.
  path: Assets/Course Library/Characters/Farm/SimpleFarmer_Wife_Black.prefab
  artifactKey: Guid(2af1fa464b69e4c4cb1a408373c7d971) Importer(815301076,1909f56bfc062723c751e8b465ee728b)
Start importing Assets/Course Library/Characters/Farm/SimpleFarmer_Wife_Black.prefab using Guid(2af1fa464b69e4c4cb1a408373c7d971) Importer(815301076,1909f56bfc062723c751e8b465ee728b)  -> (artifact id: 'f677aefb4202f89e62e20e7fe2402bfd') in 0.097223 seconds 
========================================================================
Received Import Request.
  Time since last request: 2108.083078 seconds.
  path: Assets
  artifactKey: Guid(00000000000000001000000000000000) Importer(815301076,1909f56bfc062723c751e8b465ee728b)
Start importing Assets using Guid(00000000000000001000000000000000) Importer(815301076,1909f56bfc062723c751e8b465ee728b)  -> (artifact id: 'c1e3b0d4d28e3570eb9237b2a8027d38') in 0.021628 seconds 
========================================================================
Received Import Request.
  Time since last request: 7.566116 seconds.
  path: Assets/Scripts
  artifactKey: Guid(eccb8875f4fe3d645ae13354e98982b3) Importer(815301076,1909f56bfc062723c751e8b465ee728b)
Start importing Assets/Scripts using Guid(eccb8875f4fe3d645ae13354e98982b3) Importer(815301076,1909f56bfc062723c751e8b465ee728b)  -> (artifact id: 'bad3415e9d8432b05c8eec3e19a8ffdf') in 0.020628 seconds 
========================================================================
Received Prepare
Registering precompiled user dll's ...
Registered in 0.004702 seconds.
Begin MonoManager ReloadAssembly
Native extension for WindowsStandalone target not found
Native extension for WebGL target not found
Refreshing native plugins compatible for Editor in 0.89 ms, found 1 plugins.
Preloading 0 native plugins for Editor in 0.00 ms.
Mono: successfully reloaded assembly
- Completed reload, in  2.804 seconds
Platform modules already initialized, skipping
Refreshing native plugins compatible for Editor in 0.75 ms, found 1 plugins.
Preloading 0 native plugins for Editor in 0.00 ms.
Unloading 2664 Unused Serialized files (Serialized files now loaded: 0)
System memory in use before: 124.2 MB.
System memory in use after: 124.4 MB.

Unloading 11 unused Assets to reduce memory usage. Loaded Objects now: 3177.
Total: 4.859500 ms (FindLiveObjects: 0.835900 ms CreateObjectMapping: 0.291800 ms MarkObjects: 3.161500 ms  DeleteObjects: 0.568200 ms)

========================================================================
Received Prepare
Registering precompiled user dll's ...
Registered in 0.007198 seconds.
Begin MonoManager ReloadAssembly
Native extension for WindowsStandalone target not found
Native extension for WebGL target not found
Refreshing native plugins compatible for Editor in 0.58 ms, found 1 plugins.
Preloading 0 native plugins for Editor in 0.00 ms.
Mono: successfully reloaded assembly
- Completed reload, in  1.430 seconds
Platform modules already initialized, skipping
Refreshing native plugins compatible for Editor in 0.54 ms, found 1 plugins.
Preloading 0 native plugins for Editor in 0.00 ms.
Unloading 2661 Unused Serialized files (Serialized files now loaded: 0)
System memory in use before: 124.1 MB.
System memory in use after: 124.3 MB.

Unloading 11 unused Assets to reduce memory usage. Loaded Objects now: 3180.
Total: 3.135400 ms (FindLiveObjects: 0.559800 ms CreateObjectMapping: 0.290900 ms MarkObjects: 2.218100 ms  DeleteObjects: 0.065000 ms)

========================================================================
Received Import Request.
  Time since last request: 71.814491 seconds.
  path: Assets/Scripts/PlayerController.cs
  artifactKey: Guid(7ec3a100ed77f3644b45b1030a9451cf) Importer(815301076,1909f56bfc062723c751e8b465ee728b)
Start importing Assets/Scripts/PlayerController.cs using Guid(7ec3a100ed77f3644b45b1030a9451cf) Importer(815301076,1909f56bfc062723c751e8b465ee728b)  -> (artifact id: 'b962497fca5137061c3db36c9d4fdb1b') in 0.052020 seconds 
========================================================================
Received Prepare
Registering precompiled user dll's ...
Registered in 0.007893 seconds.
Begin MonoManager ReloadAssembly
Native extension for WindowsStandalone target not found
Native extension for WebGL target not found
Refreshing native plugins compatible for Editor in 0.57 ms, found 1 plugins.
Preloading 0 native plugins for Editor in 0.00 ms.
Mono: successfully reloaded assembly
- Completed reload, in  1.713 seconds
Platform modules already initialized, skipping
Refreshing native plugins compatible for Editor in 0.89 ms, found 1 plugins.
Preloading 0 native plugins for Editor in 0.00 ms.
Unloading 2661 Unused Serialized files (Serialized files now loaded: 0)
System memory in use before: 124.1 MB.
System memory in use after: 124.3 MB.

Unloading 11 unused Assets to reduce memory usage. Loaded Objects now: 3183.
Total: 4.437900 ms (FindLiveObjects: 0.414800 ms CreateObjectMapping: 0.444900 ms MarkObjects: 3.477000 ms  DeleteObjects: 0.095900 ms)

========================================================================
Received Import Request.
  Time since last request: 175.191342 seconds.
  path: Assets/Scripts/PlayerController.cs
  artifactKey: Guid(7ec3a100ed77f3644b45b1030a9451cf) Importer(815301076,1909f56bfc062723c751e8b465ee728b)
Start importing Assets/Scripts/PlayerController.cs using Guid(7ec3a100ed77f3644b45b1030a9451cf) Importer(815301076,1909f56bfc062723c751e8b465ee728b)  -> (artifact id: 'aabd998ac82727ec7309816dcd33fe1e') in 0.072459 seconds 
========================================================================
Received Prepare
Registering precompiled user dll's ...
Registered in 0.008123 seconds.
Begin MonoManager ReloadAssembly
Native extension for WindowsStandalone target not found
Native extension for WebGL target not found
Refreshing native plugins compatible for Editor in 0.92 ms, found 1 plugins.
Preloading 0 native plugins for Editor in 0.00 ms.
Mono: successfully reloaded assembly
- Completed reload, in  2.403 seconds
Platform modules already initialized, skipping
Refreshing native plugins compatible for Editor in 1.47 ms, found 1 plugins.
Preloading 0 native plugins for Editor in 0.00 ms.
Unloading 2661 Unused Serialized files (Serialized files now loaded: 0)
System memory in use before: 124.1 MB.
System memory in use after: 124.3 MB.

Unloading 11 unused Assets to reduce memory usage. Loaded Objects now: 3186.
Total: 6.670000 ms (FindLiveObjects: 2.160700 ms CreateObjectMapping: 0.674800 ms MarkObjects: 3.758700 ms  DeleteObjects: 0.073800 ms)

========================================================================
Received Import Request.
  Time since last request: 246.744427 seconds.
  path: Assets/Scripts/PlayerController.cs
  artifactKey: Guid(7ec3a100ed77f3644b45b1030a9451cf) Importer(815301076,1909f56bfc062723c751e8b465ee728b)
Start importing Assets/Scripts/PlayerController.cs using Guid(7ec3a100ed77f3644b45b1030a9451cf) Importer(815301076,1909f56bfc062723c751e8b465ee728b)  -> (artifact id: 'fef97b91add5f7eed94c944c45333154') in 0.063143 seconds 
========================================================================
Received Prepare
Registering precompiled user dll's ...
Registered in 0.008131 seconds.
Begin MonoManager ReloadAssembly
Native extension for WindowsStandalone target not found
Native extension for WebGL target not found
Refreshing native plugins compatible for Editor in 0.85 ms, found 1 plugins.
Preloading 0 native plugins for Editor in 0.00 ms.
Mono: successfully reloaded assembly
- Completed reload, in  2.457 seconds
Platform modules already initialized, skipping
Refreshing native plugins compatible for Editor in 0.92 ms, found 1 plugins.
Preloading 0 native plugins for Editor in 0.00 ms.
Unloading 2661 Unused Serialized files (Serialized files now loaded: 0)
System memory in use before: 124.2 MB.
System memory in use after: 124.3 MB.

Unloading 11 unused Assets to reduce memory usage. Loaded Objects now: 3189.
Total: 3.852400 ms (FindLiveObjects: 0.326100 ms CreateObjectMapping: 0.212300 ms MarkObjects: 3.227300 ms  DeleteObjects: 0.084800 ms)

========================================================================
Received Prepare
Registering precompiled user dll's ...
Registered in 0.007043 seconds.
Begin MonoManager ReloadAssembly
Native extension for WindowsStandalone target not found
Native extension for WebGL target not found
Refreshing native plugins compatible for Editor in 1.22 ms, found 1 plugins.
Preloading 0 native plugins for Editor in 0.00 ms.
Mono: successfully reloaded assembly
- Completed reload, in  2.216 seconds
Platform modules already initialized, skipping
Refreshing native plugins compatible for Editor in 0.68 ms, found 1 plugins.
Preloading 0 native plugins for Editor in 0.00 ms.
Unloading 2661 Unused Serialized files (Serialized files now loaded: 0)
System memory in use before: 124.2 MB.
System memory in use after: 124.3 MB.

Unloading 11 unused Assets to reduce memory usage. Loaded Objects now: 3192.
Total: 2.854700 ms (FindLiveObjects: 0.271400 ms CreateObjectMapping: 0.141700 ms MarkObjects: 2.355600 ms  DeleteObjects: 0.083000 ms)

========================================================================
Received Prepare
Registering precompiled user dll's ...
Registered in 0.005614 seconds.
Begin MonoManager ReloadAssembly
Native extension for WindowsStandalone target not found
Native extension for WebGL target not found
Refreshing native plugins compatible for Editor in 0.59 ms, found 1 plugins.
Preloading 0 native plugins for Editor in 0.00 ms.
Mono: successfully reloaded assembly
- Completed reload, in  1.430 seconds
Platform modules already initialized, skipping
Refreshing native plugins compatible for Editor in 2.07 ms, found 1 plugins.
Preloading 0 native plugins for Editor in 0.00 ms.
Unloading 2661 Unused Serialized files (Serialized files now loaded: 0)
System memory in use before: 124.2 MB.
System memory in use after: 124.4 MB.

Unloading 11 unused Assets to reduce memory usage. Loaded Objects now: 3195.
Total: 4.701200 ms (FindLiveObjects: 0.470700 ms CreateObjectMapping: 0.310400 ms MarkObjects: 3.820000 ms  DeleteObjects: 0.097900 ms)

========================================================================
Received Import Request.
  Time since last request: 51.272676 seconds.
  path: Assets/Scripts/PlayerController.cs
  artifactKey: Guid(7ec3a100ed77f3644b45b1030a9451cf) Importer(815301076,1909f56bfc062723c751e8b465ee728b)
Start importing Assets/Scripts/PlayerController.cs using Guid(7ec3a100ed77f3644b45b1030a9451cf) Importer(815301076,1909f56bfc062723c751e8b465ee728b)  -> (artifact id: 'b1a391a8fed0d7fb294c43871e8cf62e') in 0.013449 seconds 
========================================================================
Received Prepare
Registering precompiled user dll's ...
Registered in 0.004061 seconds.
Begin MonoManager ReloadAssembly
Native extension for WindowsStandalone target not found
Native extension for WebGL target not found
Refreshing native plugins compatible for Editor in 1.49 ms, found 1 plugins.
Preloading 0 native plugins for Editor in 0.00 ms.
Mono: successfully reloaded assembly
- Completed reload, in  1.730 seconds
Platform modules already initialized, skipping
Refreshing native plugins compatible for Editor in 1.27 ms, found 1 plugins.
Preloading 0 native plugins for Editor in 0.00 ms.
Unloading 2661 Unused Serialized files (Serialized files now loaded: 0)
System memory in use before: 124.2 MB.
System memory in use after: 124.4 MB.

Unloading 11 unused Assets to reduce memory usage. Loaded Objects now: 3198.
Total: 7.114900 ms (FindLiveObjects: 0.494900 ms CreateObjectMapping: 0.682400 ms MarkObjects: 5.670700 ms  DeleteObjects: 0.261400 ms)

========================================================================
Received Import Request.
  Time since last request: 480.943176 seconds.
  path: Assets/Scripts/PlayerController.cs
  artifactKey: Guid(7ec3a100ed77f3644b45b1030a9451cf) Importer(815301076,1909f56bfc062723c751e8b465ee728b)
Start importing Assets/Scripts/PlayerController.cs using Guid(7ec3a100ed77f3644b45b1030a9451cf) Importer(815301076,1909f56bfc062723c751e8b465ee728b)  -> (artifact id: '348450d2cb3cea506c3edc60f1200c99') in 0.028729 seconds 
========================================================================
Received Prepare
Registering precompiled user dll's ...
Registered in 0.005956 seconds.
Begin MonoManager ReloadAssembly
Native extension for WindowsStandalone target not found
Native extension for WebGL target not found
Refreshing native plugins compatible for Editor in 0.89 ms, found 1 plugins.
Preloading 0 native plugins for Editor in 0.00 ms.
Mono: successfully reloaded assembly
- Completed reload, in  3.110 seconds
Platform modules already initialized, skipping
Refreshing native plugins compatible for Editor in 1.06 ms, found 1 plugins.
Preloading 0 native plugins for Editor in 0.00 ms.
Unloading 2661 Unused Serialized files (Serialized files now loaded: 0)
System memory in use before: 124.2 MB.
System memory in use after: 124.4 MB.

Unloading 11 unused Assets to reduce memory usage. Loaded Objects now: 3201.
Total: 5.317800 ms (FindLiveObjects: 0.500000 ms CreateObjectMapping: 0.279200 ms MarkObjects: 4.463800 ms  DeleteObjects: 0.072600 ms)

========================================================================
Received Prepare
Registering precompiled user dll's ...
Registered in 0.005433 seconds.
Begin MonoManager ReloadAssembly
Native extension for WindowsStandalone target not found
Native extension for WebGL target not found
Refreshing native plugins compatible for Editor in 0.88 ms, found 1 plugins.
Preloading 0 native plugins for Editor in 0.00 ms.
Mono: successfully reloaded assembly
- Completed reload, in  1.430 seconds
Platform modules already initialized, skipping
Refreshing native plugins compatible for Editor in 0.88 ms, found 1 plugins.
Preloading 0 native plugins for Editor in 0.00 ms.
Unloading 2661 Unused Serialized files (Serialized files now loaded: 0)
System memory in use before: 124.2 MB.
System memory in use after: 124.4 MB.

Unloading 11 unused Assets to reduce memory usage. Loaded Objects now: 3204.
Total: 3.023200 ms (FindLiveObjects: 0.289500 ms CreateObjectMapping: 0.196400 ms MarkObjects: 2.451700 ms  DeleteObjects: 0.083600 ms)

========================================================================
Received Import Request.
  Time since last request: 88.722642 seconds.
  path: Assets/Scripts/PlayerController.cs
  artifactKey: Guid(7ec3a100ed77f3644b45b1030a9451cf) Importer(815301076,1909f56bfc062723c751e8b465ee728b)
Start importing Assets/Scripts/PlayerController.cs using Guid(7ec3a100ed77f3644b45b1030a9451cf) Importer(815301076,1909f56bfc062723c751e8b465ee728b)  -> (artifact id: 'f2d8ed1664e44117e309dff3215afb89') in 0.014931 seconds 
========================================================================
Received Import Request.
  Time since last request: 4.854982 seconds.
  path: Assets/Course Library/Obstacles/Prop_Barrier03.prefab
  artifactKey: Guid(84a102c1bf03d0a43bd4b342185c2811) Importer(815301076,1909f56bfc062723c751e8b465ee728b)
Start importing Assets/Course Library/Obstacles/Prop_Barrier03.prefab using Guid(84a102c1bf03d0a43bd4b342185c2811) Importer(815301076,1909f56bfc062723c751e8b465ee728b)  -> (artifact id: '008e525a23afd1dd8d2a24d7aae628f7') in 0.129329 seconds 
========================================================================
Received Import Request.
  Time since last request: 148.211189 seconds.
  path: Assets/Prefabs
  artifactKey: Guid(94ed28a570bf42f4c86caf23a324332a) Importer(815301076,1909f56bfc062723c751e8b465ee728b)
Start importing Assets/Prefabs using Guid(94ed28a570bf42f4c86caf23a324332a) Importer(815301076,1909f56bfc062723c751e8b465ee728b)  -> (artifact id: '9abdf8415b1b25662bfc124e23954675') in 0.024796 seconds 
========================================================================
Received Import Request.
  Time since last request: 6.522129 seconds.
  path: Assets/Prefabs/Obstacle.prefab
  artifactKey: Guid(1245cf0be0a2c1741b7eb993250701fc) Importer(815301076,1909f56bfc062723c751e8b465ee728b)
Start importing Assets/Prefabs/Obstacle.prefab using Guid(1245cf0be0a2c1741b7eb993250701fc) Importer(815301076,1909f56bfc062723c751e8b465ee728b)  -> (artifact id: '6d28f9659fc68b5dd58feee0b86c6ac8') in 0.038421 seconds 
========================================================================
Received Prepare
Registering precompiled user dll's ...
Registered in 0.004233 seconds.
Begin MonoManager ReloadAssembly
Native extension for WindowsStandalone target not found
Native extension for WebGL target not found
Refreshing native plugins compatible for Editor in 0.62 ms, found 1 plugins.
Preloading 0 native plugins for Editor in 0.00 ms.
Mono: successfully reloaded assembly
- Completed reload, in  1.418 seconds
Platform modules already initialized, skipping
Refreshing native plugins compatible for Editor in 0.65 ms, found 1 plugins.
Preloading 0 native plugins for Editor in 0.00 ms.
Unloading 2662 Unused Serialized files (Serialized files now loaded: 0)
System memory in use before: 124.3 MB.
System memory in use after: 124.4 MB.

Unloading 11 unused Assets to reduce memory usage. Loaded Objects now: 3209.
Total: 2.773300 ms (FindLiveObjects: 0.304200 ms CreateObjectMapping: 0.211100 ms MarkObjects: 2.187400 ms  DeleteObjects: 0.068700 ms)

========================================================================
Received Prepare
Registering precompiled user dll's ...
Registered in 0.003676 seconds.
Begin MonoManager ReloadAssembly
Native extension for WindowsStandalone target not found
Native extension for WebGL target not found
Refreshing native plugins compatible for Editor in 0.56 ms, found 1 plugins.
Preloading 0 native plugins for Editor in 0.00 ms.
Mono: successfully reloaded assembly
- Completed reload, in  1.401 seconds
Platform modules already initialized, skipping
Refreshing native plugins compatible for Editor in 0.56 ms, found 1 plugins.
Preloading 0 native plugins for Editor in 0.00 ms.
Unloading 2662 Unused Serialized files (Serialized files now loaded: 0)
System memory in use before: 124.3 MB.
System memory in use after: 124.4 MB.

Unloading 11 unused Assets to reduce memory usage. Loaded Objects now: 3212.
Total: 3.363800 ms (FindLiveObjects: 0.538900 ms CreateObjectMapping: 0.449100 ms MarkObjects: 2.279500 ms  DeleteObjects: 0.092400 ms)

========================================================================
Received Prepare
Registering precompiled user dll's ...
Registered in 0.005762 seconds.
Begin MonoManager ReloadAssembly
Native extension for WindowsStandalone target not found
Native extension for WebGL target not found
Refreshing native plugins compatible for Editor in 0.97 ms, found 1 plugins.
Preloading 0 native plugins for Editor in 4.41 ms.
Mono: successfully reloaded assembly
- Completed reload, in  3.963 seconds
Platform modules already initialized, skipping
Refreshing native plugins compatible for Editor in 0.59 ms, found 1 plugins.
Preloading 0 native plugins for Editor in 0.00 ms.
Unloading 2662 Unused Serialized files (Serialized files now loaded: 0)
System memory in use before: 124.3 MB.
System memory in use after: 124.5 MB.

Unloading 11 unused Assets to reduce memory usage. Loaded Objects now: 3215.
Total: 4.499000 ms (FindLiveObjects: 0.598000 ms CreateObjectMapping: 0.279000 ms MarkObjects: 3.499700 ms  DeleteObjects: 0.120200 ms)

========================================================================
Received Prepare
Registering precompiled user dll's ...
Registered in 0.016792 seconds.
Begin MonoManager ReloadAssembly
Native extension for WindowsStandalone target not found
Native extension for WebGL target not found
Refreshing native plugins compatible for Editor in 1.00 ms, found 1 plugins.
Preloading 0 native plugins for Editor in 0.00 ms.
Mono: successfully reloaded assembly
- Completed reload, in  1.587 seconds
Platform modules already initialized, skipping
Refreshing native plugins compatible for Editor in 0.65 ms, found 1 plugins.
Preloading 0 native plugins for Editor in 0.00 ms.
Unloading 2662 Unused Serialized files (Serialized files now loaded: 0)
System memory in use before: 124.3 MB.
System memory in use after: 124.5 MB.

Unloading 11 unused Assets to reduce memory usage. Loaded Objects now: 3218.
Total: 3.192700 ms (FindLiveObjects: 0.388700 ms CreateObjectMapping: 0.238000 ms MarkObjects: 2.486900 ms  DeleteObjects: 0.076600 ms)

========================================================================
Received Prepare
Registering precompiled user dll's ...
Registered in 0.004693 seconds.
Begin MonoManager ReloadAssembly
Native extension for WindowsStandalone target not found
Native extension for WebGL target not found
Refreshing native plugins compatible for Editor in 0.82 ms, found 1 plugins.
Preloading 0 native plugins for Editor in 0.00 ms.
Mono: successfully reloaded assembly
- Completed reload, in  3.081 seconds
Platform modules already initialized, skipping
Refreshing native plugins compatible for Editor in 1.08 ms, found 1 plugins.
Preloading 0 native plugins for Editor in 0.00 ms.
Unloading 2663 Unused Serialized files (Serialized files now loaded: 0)
System memory in use before: 124.3 MB.
System memory in use after: 124.5 MB.

Unloading 11 unused Assets to reduce memory usage. Loaded Objects now: 3222.
Total: 3.933900 ms (FindLiveObjects: 0.535000 ms CreateObjectMapping: 0.316800 ms MarkObjects: 2.985300 ms  DeleteObjects: 0.095000 ms)

========================================================================
Received Prepare
Registering precompiled user dll's ...
Registered in 0.007407 seconds.
Begin MonoManager ReloadAssembly
Native extension for WindowsStandalone target not found
Native extension for WebGL target not found
Refreshing native plugins compatible for Editor in 0.89 ms, found 1 plugins.
Preloading 0 native plugins for Editor in 0.00 ms.
Mono: successfully reloaded assembly
- Completed reload, in  2.173 seconds
Platform modules already initialized, skipping
Refreshing native plugins compatible for Editor in 1.21 ms, found 1 plugins.
Preloading 0 native plugins for Editor in 0.00 ms.
Unloading 2663 Unused Serialized files (Serialized files now loaded: 0)
System memory in use before: 124.3 MB.
System memory in use after: 124.5 MB.

Unloading 11 unused Assets to reduce memory usage. Loaded Objects now: 3225.
Total: 8.228700 ms (FindLiveObjects: 0.914500 ms CreateObjectMapping: 0.339400 ms MarkObjects: 6.888400 ms  DeleteObjects: 0.084600 ms)

========================================================================
Received Prepare
Registering precompiled user dll's ...
Registered in 0.004539 seconds.
Begin MonoManager ReloadAssembly
Native extension for WindowsStandalone target not found
Native extension for WebGL target not found
Refreshing native plugins compatible for Editor in 0.91 ms, found 1 plugins.
Preloading 0 native plugins for Editor in 0.00 ms.
Mono: successfully reloaded assembly
- Completed reload, in  1.509 seconds
Platform modules already initialized, skipping
Refreshing native plugins compatible for Editor in 0.77 ms, found 1 plugins.
Preloading 0 native plugins for Editor in 0.00 ms.
Unloading 2663 Unused Serialized files (Serialized files now loaded: 0)
System memory in use before: 124.3 MB.
System memory in use after: 124.5 MB.

Unloading 11 unused Assets to reduce memory usage. Loaded Objects now: 3228.
Total: 3.770700 ms (FindLiveObjects: 0.378200 ms CreateObjectMapping: 0.217800 ms MarkObjects: 3.067900 ms  DeleteObjects: 0.104700 ms)

========================================================================
Received Prepare
Registering precompiled user dll's ...
Registered in 0.003885 seconds.
Begin MonoManager ReloadAssembly
Native extension for WindowsStandalone target not found
Native extension for WebGL target not found
Refreshing native plugins compatible for Editor in 0.87 ms, found 1 plugins.
Preloading 0 native plugins for Editor in 0.00 ms.
Mono: successfully reloaded assembly
- Completed reload, in  1.547 seconds
Platform modules already initialized, skipping
Refreshing native plugins compatible for Editor in 0.56 ms, found 1 plugins.
Preloading 0 native plugins for Editor in 0.00 ms.
Unloading 2663 Unused Serialized files (Serialized files now loaded: 0)
System memory in use before: 124.3 MB.
System memory in use after: 124.5 MB.

Unloading 11 unused Assets to reduce memory usage. Loaded Objects now: 3231.
Total: 2.647100 ms (FindLiveObjects: 0.307400 ms CreateObjectMapping: 0.193400 ms MarkObjects: 2.070600 ms  DeleteObjects: 0.073900 ms)

========================================================================
Received Prepare
Registering precompiled user dll's ...
Registered in 0.005171 seconds.
Begin MonoManager ReloadAssembly
Native extension for WindowsStandalone target not found
Native extension for WebGL target not found
Refreshing native plugins compatible for Editor in 0.60 ms, found 1 plugins.
Preloading 0 native plugins for Editor in 0.00 ms.
Mono: successfully reloaded assembly
- Completed reload, in  1.331 seconds
Platform modules already initialized, skipping
Refreshing native plugins compatible for Editor in 0.78 ms, found 1 plugins.
Preloading 0 native plugins for Editor in 0.00 ms.
Unloading 2663 Unused Serialized files (Serialized files now loaded: 0)
System memory in use before: 124.3 MB.
System memory in use after: 124.5 MB.

Unloading 11 unused Assets to reduce memory usage. Loaded Objects now: 3234.
Total: 5.672500 ms (FindLiveObjects: 0.469200 ms CreateObjectMapping: 0.273200 ms MarkObjects: 4.799300 ms  DeleteObjects: 0.107700 ms)

========================================================================
Received Prepare
Registering precompiled user dll's ...
Registered in 0.019451 seconds.
Begin MonoManager ReloadAssembly
Native extension for WindowsStandalone target not found
Native extension for WebGL target not found
Refreshing native plugins compatible for Editor in 0.60 ms, found 1 plugins.
Preloading 0 native plugins for Editor in 0.00 ms.
Mono: successfully reloaded assembly
- Completed reload, in  2.130 seconds
Platform modules already initialized, skipping
Refreshing native plugins compatible for Editor in 1.65 ms, found 1 plugins.
Preloading 0 native plugins for Editor in 0.00 ms.
Unloading 2663 Unused Serialized files (Serialized files now loaded: 0)
System memory in use before: 124.3 MB.
System memory in use after: 124.5 MB.

Unloading 11 unused Assets to reduce memory usage. Loaded Objects now: 3237.
Total: 4.418500 ms (FindLiveObjects: 0.370300 ms CreateObjectMapping: 0.342600 ms MarkObjects: 3.604600 ms  DeleteObjects: 0.099200 ms)

========================================================================
Received Prepare
Registering precompiled user dll's ...
Registered in 0.014690 seconds.
Begin MonoManager ReloadAssembly
Native extension for WindowsStandalone target not found
Native extension for WebGL target not found
Refreshing native plugins compatible for Editor in 1.21 ms, found 1 plugins.
Preloading 0 native plugins for Editor in 0.00 ms.
Mono: successfully reloaded assembly
- Completed reload, in  2.104 seconds
Platform modules already initialized, skipping
Refreshing native plugins compatible for Editor in 1.13 ms, found 1 plugins.
Preloading 0 native plugins for Editor in 0.00 ms.
Unloading 2663 Unused Serialized files (Serialized files now loaded: 0)
System memory in use before: 124.4 MB.
System memory in use after: 124.5 MB.

Unloading 11 unused Assets to reduce memory usage. Loaded Objects now: 3240.
Total: 3.037300 ms (FindLiveObjects: 0.306500 ms CreateObjectMapping: 0.220800 ms MarkObjects: 2.422500 ms  DeleteObjects: 0.085600 ms)

========================================================================
Received Prepare
Registering precompiled user dll's ...
Registered in 0.003984 seconds.
Begin MonoManager ReloadAssembly
Native extension for WindowsStandalone target not found
Native extension for WebGL target not found
Refreshing native plugins compatible for Editor in 0.67 ms, found 1 plugins.
Preloading 0 native plugins for Editor in 0.00 ms.
Mono: successfully reloaded assembly
- Completed reload, in  1.601 seconds
Platform modules already initialized, skipping
Refreshing native plugins compatible for Editor in 0.65 ms, found 1 plugins.
Preloading 0 native plugins for Editor in 0.00 ms.
Unloading 2663 Unused Serialized files (Serialized files now loaded: 0)
System memory in use before: 124.4 MB.
System memory in use after: 124.5 MB.

Unloading 11 unused Assets to reduce memory usage. Loaded Objects now: 3243.
Total: 3.463900 ms (FindLiveObjects: 0.541700 ms CreateObjectMapping: 0.299500 ms MarkObjects: 2.537100 ms  DeleteObjects: 0.083800 ms)

========================================================================
Received Prepare
Registering precompiled user dll's ...
Registered in 0.004518 seconds.
Begin MonoManager ReloadAssembly
Native extension for WindowsStandalone target not found
Native extension for WebGL target not found
Refreshing native plugins compatible for Editor in 0.62 ms, found 1 plugins.
Preloading 0 native plugins for Editor in 0.00 ms.
Mono: successfully reloaded assembly
- Completed reload, in  1.895 seconds
Platform modules already initialized, skipping
Refreshing native plugins compatible for Editor in 1.04 ms, found 1 plugins.
Preloading 0 native plugins for Editor in 0.00 ms.
Unloading 2663 Unused Serialized files (Serialized files now loaded: 0)
System memory in use before: 124.4 MB.
System memory in use after: 124.6 MB.

Unloading 11 unused Assets to reduce memory usage. Loaded Objects now: 3246.
Total: 2.951000 ms (FindLiveObjects: 0.330700 ms CreateObjectMapping: 0.193400 ms MarkObjects: 2.314600 ms  DeleteObjects: 0.110900 ms)

========================================================================
Received Prepare
Registering precompiled user dll's ...
Registered in 0.003966 seconds.
Begin MonoManager ReloadAssembly
Native extension for WindowsStandalone target not found
Native extension for WebGL target not found
Refreshing native plugins compatible for Editor in 0.72 ms, found 1 plugins.
Preloading 0 native plugins for Editor in 0.00 ms.
Mono: successfully reloaded assembly
- Completed reload, in  1.550 seconds
Platform modules already initialized, skipping
Refreshing native plugins compatible for Editor in 0.81 ms, found 1 plugins.
Preloading 0 native plugins for Editor in 0.00 ms.
Unloading 2663 Unused Serialized files (Serialized files now loaded: 0)
System memory in use before: 124.4 MB.
System memory in use after: 124.6 MB.

Unloading 11 unused Assets to reduce memory usage. Loaded Objects now: 3249.
Total: 2.868800 ms (FindLiveObjects: 0.298100 ms CreateObjectMapping: 0.192800 ms MarkObjects: 2.302400 ms  DeleteObjects: 0.074100 ms)

========================================================================
Received Prepare
Registering precompiled user dll's ...
Registered in 0.004360 seconds.
Begin MonoManager ReloadAssembly
Native extension for WindowsStandalone target not found
Native extension for WebGL target not found
Refreshing native plugins compatible for Editor in 0.97 ms, found 1 plugins.
Preloading 0 native plugins for Editor in 0.00 ms.
Mono: successfully reloaded assembly
- Completed reload, in  1.709 seconds
Platform modules already initialized, skipping
Refreshing native plugins compatible for Editor in 0.65 ms, found 1 plugins.
Preloading 0 native plugins for Editor in 0.00 ms.
Unloading 2664 Unused Serialized files (Serialized files now loaded: 0)
System memory in use before: 124.4 MB.
System memory in use after: 124.6 MB.

Unloading 11 unused Assets to reduce memory usage. Loaded Objects now: 3253.
Total: 4.460800 ms (FindLiveObjects: 0.582700 ms CreateObjectMapping: 0.319200 ms MarkObjects: 3.462200 ms  DeleteObjects: 0.094700 ms)

========================================================================
Received Import Request.
  Time since last request: 1337.561708 seconds.
  path: Assets/RepeatBackground.cs
  artifactKey: Guid(06d1ac7b0da456047ba1223c71492670) Importer(815301076,1909f56bfc062723c751e8b465ee728b)
Start importing Assets/RepeatBackground.cs using Guid(06d1ac7b0da456047ba1223c71492670) Importer(815301076,1909f56bfc062723c751e8b465ee728b)  -> (artifact id: 'dddf0884874f8dbcb76b33b9fd47eb9b') in 0.063626 seconds 
========================================================================
Received Import Request.
  Time since last request: 2.246076 seconds.
  path: Assets/SpawnManager.cs
  artifactKey: Guid(71f11deed675d174fb206ccbc9ca1e52) Importer(815301076,1909f56bfc062723c751e8b465ee728b)
Start importing Assets/SpawnManager.cs using Guid(71f11deed675d174fb206ccbc9ca1e52) Importer(815301076,1909f56bfc062723c751e8b465ee728b)  -> (artifact id: '5acfac059d1b20d01979ab60e7729ef7') in 0.020992 seconds 
========================================================================
Received Prepare
Registering precompiled user dll's ...
Registered in 0.005495 seconds.
Begin MonoManager ReloadAssembly
Native extension for WindowsStandalone target not found
Native extension for WebGL target not found
Refreshing native plugins compatible for Editor in 0.97 ms, found 1 plugins.
Preloading 0 native plugins for Editor in 0.00 ms.
Mono: successfully reloaded assembly
- Completed reload, in  1.679 seconds
Platform modules already initialized, skipping
Refreshing native plugins compatible for Editor in 21.27 ms, found 1 plugins.
Preloading 0 native plugins for Editor in 0.00 ms.
Unloading 2664 Unused Serialized files (Serialized files now loaded: 0)
System memory in use before: 124.4 MB.
System memory in use after: 124.6 MB.

Unloading 11 unused Assets to reduce memory usage. Loaded Objects now: 3256.
Total: 7.080300 ms (FindLiveObjects: 0.577300 ms CreateObjectMapping: 0.753700 ms MarkObjects: 5.607900 ms  DeleteObjects: 0.139200 ms)

AssetImportWorkerClient::OnTransportError - code=2 error=End of file
